<?xml version="1.0" encoding="UTF-8"?>
<testsuite xmlns:xsi="http://www.w3.org/2001/XMLSchema-instance" xsi:noNamespaceSchemaLocation="https://maven.apache.org/surefire/maven-surefire-plugin/xsd/surefire-test-report.xsd" version="3.0.2" name="com.example.BackEndSpring.BackEndSpringApplicationTests" time="10.267" tests="1" errors="0" skipped="0" failures="0">
  <properties>
[...]
</properties>
  <testcase name="contextLoads" classname="com.example.BackEndSpring.BackEndSpringApplicationTests" time="0.873">
    <system-out><![CDATA[16:42:05.593 [main] INFO org.springframework.test.context.support.AnnotationConfigContextLoaderUtils -- Could not detect default configuration classes for test class [com.example.BackEndSpring.BackEndSpringApplicationTests]: BackEndSpringApplicationTests does not declare any static, non-private, non-final, nested classes annotated with @Configuration.
16:42:05.744 [main] INFO org.springframework.boot.test.context.SpringBootTestContextBootstrapper -- Found @SpringBootConfiguration com.example.BackEndSpring.BackEndSpringApplication for test class com.example.BackEndSpring.BackEndSpringApplicationTests

  .   ____          _            __ _ _
 /\\ / ___'_ __ _ _(_)_ __  __ _ \ \ \ \
( ( )\___ | '_ | '_| | '_ \/ _` | \ \ \ \
 \\/  ___)| |_)| | | | | || (_| |  ) ) ) )
  '  |____| .__|_| |_|_| |_\__, | / / / /
 =========|_|==============|___/=/_/_/_/

 :: Spring Boot ::                (v3.4.4)

2025-04-03T16:42:06.452+07:00  INFO 23672 --- [BackEndSpring] [           main] c.e.B.BackEndSpringApplicationTests      : Starting BackEndSpringApplicationTests using Java 17.0.13 with PID 23672 (started by minht in E:\GitHub\CDWeb\BackEndSpring)
2025-04-03T16:42:06.454+07:00  INFO 23672 --- [BackEndSpring] [           main] c.e.B.BackEndSpringApplicationTests      : No active profile set, falling back to 1 default profile: "default"
2025-04-03T16:42:07.842+07:00  INFO 23672 --- [BackEndSpring] [           main] .s.d.r.c.RepositoryConfigurationDelegate : Bootstrapping Spring Data JPA repositories in DEFAULT mode.
2025-04-03T16:42:07.954+07:00  INFO 23672 --- [BackEndSpring] [           main] .s.d.r.c.RepositoryConfigurationDelegate : Finished Spring Data repository scanning in 96 ms. Found 6 JPA repository interfaces.
2025-04-03T16:42:08.752+07:00  INFO 23672 --- [BackEndSpring] [           main] o.hibernate.jpa.internal.util.LogHelper  : HHH000204: Processing PersistenceUnitInfo [name: default]
2025-04-03T16:42:08.893+07:00  INFO 23672 --- [BackEndSpring] [           main] org.hibernate.Version                    : HHH000412: Hibernate ORM core version 6.6.11.Final
2025-04-03T16:42:08.957+07:00  INFO 23672 --- [BackEndSpring] [           main] o.h.c.internal.RegionFactoryInitiator    : HHH000026: Second-level cache disabled
2025-04-03T16:42:09.478+07:00  INFO 23672 --- [BackEndSpring] [           main] o.s.o.j.p.SpringPersistenceUnitInfo      : No LoadTimeWeaver setup: ignoring JPA class transformer
2025-04-03T16:42:09.534+07:00  INFO 23672 --- [BackEndSpring] [           main] com.zaxxer.hikari.HikariDataSource       : HikariPool-1 - Starting...
2025-04-03T16:42:09.808+07:00  INFO 23672 --- [BackEndSpring] [           main] com.zaxxer.hikari.pool.HikariPool        : HikariPool-1 - Added connection com.mysql.cj.jdbc.ConnectionImpl@70697478
2025-04-03T16:42:09.811+07:00  INFO 23672 --- [BackEndSpring] [           main] com.zaxxer.hikari.HikariDataSource       : HikariPool-1 - Start completed.
2025-04-03T16:42:09.895+07:00  WARN 23672 --- [BackEndSpring] [           main] org.hibernate.dialect.Dialect            : HHH000511: The 5.5.5 version for [org.hibernate.dialect.MySQLDialect] is no longer supported, hence certain features may not work properly. The minimum supported version is 8.0.0. Check the community dialects project for available legacy versions.
2025-04-03T16:42:09.931+07:00  INFO 23672 --- [BackEndSpring] [           main] org.hibernate.orm.connections.pooling    : HHH10001005: Database info:
	Database JDBC URL [Connecting through datasource 'HikariDataSource (HikariPool-1)']
	Database driver: undefined/unknown
	Database version: 5.5.5
	Autocommit mode: undefined/unknown
	Isolation level: undefined/unknown
	Minimum pool size: undefined/unknown
	Maximum pool size: undefined/unknown
2025-04-03T16:42:11.476+07:00  INFO 23672 --- [BackEndSpring] [           main] o.h.e.t.j.p.i.JtaPlatformInitiator       : HHH000489: No JTA platform available (set 'hibernate.transaction.jta.platform' to enable JTA platform integration)
2025-04-03T16:42:11.609+07:00 DEBUG 23672 --- [BackEndSpring] [           main] org.hibernate.SQL                        : alter table users add column is_enabled bit not null
Hibernate: alter table users add column is_enabled bit not null
2025-04-03T16:42:11.618+07:00 DEBUG 23672 --- [BackEndSpring] [           main] org.hibernate.SQL                        : alter table users add column reset_password_token varchar(64)
Hibernate: alter table users add column reset_password_token varchar(64)
2025-04-03T16:42:11.623+07:00 DEBUG 23672 --- [BackEndSpring] [           main] org.hibernate.SQL                        : alter table users add column reset_password_token_expires_at datetime(6)
Hibernate: alter table users add column reset_password_token_expires_at datetime(6)
2025-04-03T16:42:11.629+07:00 DEBUG 23672 --- [BackEndSpring] [           main] org.hibernate.SQL                        : alter table users add column verification_code varchar(64)
Hibernate: alter table users add column verification_code varchar(64)
2025-04-03T16:42:11.636+07:00 DEBUG 23672 --- [BackEndSpring] [           main] org.hibernate.SQL                        : alter table users add column verification_code_expires_at datetime(6)
Hibernate: alter table users add column verification_code_expires_at datetime(6)
2025-04-03T16:42:11.680+07:00  INFO 23672 --- [BackEndSpring] [           main] j.LocalContainerEntityManagerFactoryBean : Initialized JPA EntityManagerFactory for persistence unit 'default'
2025-04-03T16:42:12.563+07:00  WARN 23672 --- [BackEndSpring] [           main] JpaBaseConfiguration$JpaWebConfiguration : spring.jpa.open-in-view is enabled by default. Therefore, database queries may be performed during view rendering. Explicitly configure spring.jpa.open-in-view to disable this warning
2025-04-03T16:42:14.729+07:00  INFO 23672 --- [BackEndSpring] [           main] c.e.B.BackEndSpringApplicationTests      : Started BackEndSpringApplicationTests in 8.675 seconds (process running for 10.223)
]]></system-out>
  </testcase>
</testsuite>